<?xml version="1.0" encoding="UTF-8"?>
<testng-results ignored="0" total="2" passed="2" failed="0" skipped="0">
  <reporter-output>
  </reporter-output>
  <suite started-at="2024-12-23T10:10:09Z" name="Login_Test_Suite" finished-at="2024-12-23T10:10:23Z" duration-ms="13608">
    <groups>
    </groups>
    <test started-at="2024-12-23T10:10:09Z" name="Login Tests" finished-at="2024-12-23T10:10:23Z" duration-ms="13608">
      <class name="com.tietoevry.selenium.testing.LoginTest">
        <test-method signature="loginTest()[pri:0, instance:com.tietoevry.selenium.testing.LoginTest@58c540cf]" started-at="2024-12-23T10:10:09Z" name="loginTest" finished-at="2024-12-23T10:10:18Z" duration-ms="8657" status="PASS">
          <reporter-output>
          </reporter-output>
        </test-method> <!-- loginTest -->
      </class> <!-- com.tietoevry.selenium.testing.LoginTest -->
      <class name="com.tietoevry.selenium.testing.AddRemoveTest">
        <test-method signature="addAndRemoveTest()[pri:0, instance:com.tietoevry.selenium.testing.AddRemoveTest@3d6300e8]" started-at="2024-12-23T10:10:18Z" name="addAndRemoveTest" finished-at="2024-12-23T10:10:23Z" duration-ms="4744" status="PASS">
          <reporter-output>
          </reporter-output>
        </test-method> <!-- addAndRemoveTest -->
      </class> <!-- com.tietoevry.selenium.testing.AddRemoveTest -->
    </test> <!-- Login Tests -->
  </suite> <!-- Login_Test_Suite -->
</testng-results>
