<?xml version="1.0" encoding="UTF-8"?>
<testsuite xmlns:xsi="http://www.w3.org/2001/XMLSchema-instance" xsi:noNamespaceSchemaLocation="https://maven.apache.org/surefire/maven-surefire-plugin/xsd/surefire-test-report.xsd" name="TestSuite" time="17.576" tests="2" errors="0" skipped="0" failures="0">
  <properties>
[...]
</properties>
  <testcase name="loginTest" classname="com.tietoevry.selenium.testing.LoginTest" time="8.657"/>
  <testcase name="addAndRemoveTest" classname="com.tietoevry.selenium.testing.AddRemoveTest" time="4.743"/>
</testsuite>